time="2023-06-06T14:17:00+05:00" level=info msg=df
time="2023-06-06T14:35:54+05:00" level=info msg=df
time="2023-06-06T14:36:45+05:00" level=info msg=df
time="2023-06-06T14:37:21+05:00" level=fatal msg="json: cannot unmarshal number into Go struct field Activities.price of type string"
time="2023-06-06T14:38:03+05:00" level=info msg=df
time="2023-06-06T14:38:53+05:00" level=info msg=df
time="2023-06-06T14:39:48+05:00" level=info msg=df
time="2023-06-06T14:40:08+05:00" level=fatal msg="json: cannot unmarshal number 0.1 into Go struct field Activities.accessibility of type int32"
time="2023-06-06T14:40:43+05:00" level=info msg=df
time="2023-06-06T14:41:32+05:00" level=info msg=df
time="2023-06-06T14:53:25+05:00" level=info msg=df
time="2023-06-06T14:57:02+05:00" level=info msg=df
time="2023-06-06T15:00:35+05:00" level=fatal msg="111An error occured while executing query: dial tcp: lookup sfdsdf: no such host"
time="2023-06-06T15:01:06+05:00" level=fatal msg="111An error occured while executing query: dial tcp: lookup sfdsdf: no such host"
time="2023-06-06T15:02:28+05:00" level=fatal msg="111An error occured while executing query: pq: неверный синтаксис для типа numeric: \"asd\""
time="2023-06-06T15:04:22+05:00" level=fatal msg="111An error occured while executing query: pq: неверный синтаксис для типа numeric: \"asd\""
time="2023-06-06T15:24:30+05:00" level=fatal msg="111An error occured while executing query: pq: ошибка синтаксиса (примерное положение: \"(\")"
time="2023-06-06T16:16:15+05:00" level=info msg="error INSERT:  pq: ошибка синтаксиса (примерное положение: \"value\")"
time="2023-06-06T16:16:18+05:00" level=info msg="error INSERT:  pq: ошибка синтаксиса (примерное положение: \"value\")"
time="2023-06-06T16:16:20+05:00" level=info msg="error INSERT:  pq: ошибка синтаксиса (примерное положение: \"value\")"
time="2023-06-06T16:16:43+05:00" level=info msg="error INSERT:  pq: ошибка синтаксиса (примерное положение: \"value\")"
time="2023-06-06T16:16:49+05:00" level=info msg="error INSERT:  pq: ошибка синтаксиса (примерное положение: \"value\")"
time="2023-06-06T16:25:42+05:00" level=info msg="error INSERT:  pq: ошибка синтаксиса (примерное положение: \"current_time\")"
time="2023-06-06T16:25:49+05:00" level=info msg="error INSERT:  pq: ошибка синтаксиса (примерное положение: \"current_time\")"
time="2023-06-06T16:28:26+05:00" level=info msg="error INSERT:  pq: ошибка синтаксиса (примерное положение: \"current_time\")"
time="2023-06-06T16:28:31+05:00" level=info msg="error INSERT:  pq: ошибка синтаксиса (примерное положение: \"current_time\")"
time="2023-06-06T16:29:23+05:00" level=info msg="error INSERT:  pq: ошибка синтаксиса (примерное положение: \"value\")"
time="2023-06-06T16:29:25+05:00" level=info msg="error INSERT:  pq: ошибка синтаксиса (примерное положение: \"value\")"
time="2023-06-06T16:55:02+05:00" level=info msg="error INSERT:  pq: ошибка синтаксиса (примерное положение: \"value\")"
time="2023-06-06T16:55:07+05:00" level=info msg="error INSERT:  pq: ошибка синтаксиса (примерное положение: \"value\")"
time="2023-06-06T16:55:13+05:00" level=info msg="error INSERT:  pq: ошибка синтаксиса (примерное положение: \"value\")"
time="2023-06-06T17:07:10+05:00" level=info msg="error INSERT:  pq: ошибка синтаксиса (примерное положение: \"value\")"
time="2023-06-06T17:07:13+05:00" level=info msg="error INSERT:  pq: ошибка синтаксиса (примерное положение: \"value\")"
time="2023-06-06T17:10:28+05:00" level=info msg="error INSERT:  pq: ошибка синтаксиса (примерное положение: \"value\")"
time="2023-06-06T17:10:33+05:00" level=info msg="error INSERT:  pq: ошибка синтаксиса (примерное положение: \"value\")"
time="2023-06-06T17:10:35+05:00" level=info msg="error INSERT:  pq: ошибка синтаксиса (примерное положение: \"value\")"
time="2023-06-06T17:15:27+05:00" level=info msg="error INSERT:  pq: ошибка синтаксиса (примерное положение: \"value\")"
time="2023-06-06T17:15:31+05:00" level=info msg="error INSERT:  pq: ошибка синтаксиса (примерное положение: \"value\")"
time="2023-06-07T09:14:48+05:00" level=info msg="Get \"https://www.boredapi.com/api/activity\": proxyconnect tcp: EOF"
time="2023-06-07T09:30:22+05:00" level=info msg="error INSERT:  pq: ошибка синтаксиса (примерное положение: \"select\")"
time="2023-06-07T09:31:37+05:00" level=info msg="error INSERT:  pq: INSERT содержит больше целевых столбцов, чем выражений"
time="2023-06-07T09:32:11+05:00" level=info msg="error INSERT:  pq: ошибка синтаксиса (примерное положение: \"select\")"
time="2023-06-07T09:36:35+05:00" level=info msg="error INSERT:  pq: ошибка синтаксиса (примерное положение: \"select\")"
time="2023-06-07T09:37:06+05:00" level=info msg="error INSERT:  pq: столбец \"ac_type\" не существует"
time="2023-06-07T09:37:40+05:00" level=info msg="error INSERT:  pq: ошибка синтаксиса (примерное положение: \")\")"
time="2023-06-07T09:55:46+05:00" level=info msg="error INSERT:  pq: столбец \"category\" в таблице \"relaxation\" не существует"
time="2023-06-07T09:55:50+05:00" level=info msg="error INSERT:  pq: INSERT содержит больше целевых столбцов, чем выражений"
time="2023-06-07T09:55:52+05:00" level=info msg="error INSERT:  pq: INSERT содержит больше целевых столбцов, чем выражений"
time="2023-06-07T09:57:08+05:00" level=info msg="error INSERT:  pq: INSERT содержит больше целевых столбцов, чем выражений"
time="2023-06-07T09:57:21+05:00" level=info msg="error INSERT:  pq: INSERT содержит больше целевых столбцов, чем выражений"
time="2023-06-07T09:57:56+05:00" level=info msg="error INSERT CATEGORY:  pq: столбец \"category\" в таблице \"education\" не существует"
time="2023-06-07T09:59:22+05:00" level=info msg="error INSERT CATEGORY:  pq: INSERT содержит больше целевых столбцов, чем выражений"
time="2023-06-07T10:45:05+05:00" level=fatal msg="error CREATE TABLE: pq: ошибка синтаксиса (примерное положение: \"CURRENT_TIMESTAMP\")"
time="2023-06-07T10:46:25+05:00" level=fatal msg="error CREATE TABLE: pq: тип \"to_char\" не существует"
time="2023-06-07T10:47:16+05:00" level=fatal msg="error CREATE TABLE: pq: ошибка синтаксиса (примерное положение: \"'2001-01-01 5:55:55'\")"
time="2023-06-07T10:47:43+05:00" level=fatal msg="error CREATE TABLE: pq: ошибка синтаксиса (примерное положение: \"'2001-01-01 5:55:55'\")"
time="2023-06-07T10:48:14+05:00" level=fatal msg="error CREATE TABLE: pq: ошибка синтаксиса (примерное положение: \"'YYYY/MM/DD HH:MI:SS'\")"
time="2023-06-07T10:50:28+05:00" level=fatal msg="error CREATE TABLE: pq: ошибка синтаксиса (примерное положение: \"2023.06\")"
time="2023-06-07T10:54:25+05:00" level=info msg="error INSERT:  pq: значение NULL в столбце \"id\" отношения \"act_category\" нарушает ограничение NOT NULL"
time="2023-06-07T10:56:36+05:00" level=info msg="error INSERT:  pq: значение NULL в столбце \"id\" отношения \"act_category\" нарушает ограничение NOT NULL"
time="2023-06-07T11:05:45+05:00" level=fatal msg="error CREATE TABLE: pq: ошибка синтаксиса (примерное положение: \"(\")"
time="2023-06-07T11:14:54+05:00" level=info msg="error INSERT CATEGORY:  pq: значение NULL в столбце \"category_id\" отношения \"education\" нарушает ограничение NOT NULL"
time="2023-06-07T11:15:52+05:00" level=info msg="error INSERT CATEGORY:  pq: значение NULL в столбце \"category_id\" отношения \"education\" нарушает ограничение NOT NULL"
time="2023-06-07T11:16:48+05:00" level=info msg="error INSERT CATEGORY:  pq: значение NULL в столбце \"category_id\" отношения \"busywork\" нарушает ограничение NOT NULL"
time="2023-06-07T11:44:45+05:00" level=info msg="error INSERT:  pq: ошибка синтаксиса (примерное положение: \"where\")" c
time="2023-06-07T11:46:02+05:00" level=info msg="error INSERT:  pq: ошибка синтаксиса (примерное положение: \"select\")"
time="2023-06-07T11:47:05+05:00" level=info msg="error INSERT:  pq: ошибка синтаксиса (примерное положение: \"select\")"
time="2023-06-07T12:35:40+05:00" level=info msg="error INSERT:  pq: ошибка синтаксиса (примерное положение: \"select\")"
time="2023-06-07T12:43:31+05:00" level=info msg="error INSERT:  pq: ошибка синтаксиса (примерное положение: \"select\")"
time="2023-06-07T12:44:19+05:00" level=info msg="error INSERT:  pq: INSERT содержит больше целевых столбцов, чем выражений"
time="2023-06-07T12:52:56+05:00" level=fatal msg="error CREATE TABLE: pq: ошибка синтаксиса (примерное положение: \"INT\")"
time="2023-06-07T12:53:48+05:00" level=fatal msg="error CREATE TABLE: pq: ошибка синтаксиса (примерное положение: \"IDENTITY\")"
time="2023-06-07T12:54:23+05:00" level=fatal msg="error CREATE TABLE: pq: ошибка синтаксиса (примерное положение: \"IDENTITY\")"
time="2023-06-07T12:55:04+05:00" level=fatal msg="error CREATE ActCat TABLE: pq: ошибка синтаксиса (примерное положение: \"IDENTITY\")"
time="2023-06-07T12:55:25+05:00" level=info msg="error INSERT:  pq: значение NULL в столбце \"id\" отношения \"categories\" нарушает ограничение NOT NULL"
time="2023-06-07T12:55:25+05:00" level=fatal msg="error CREATE Cat TABLE: pq: ошибка синтаксиса (примерное положение: \"FOREIGN\")"
time="2023-06-07T12:56:11+05:00" level=info msg="error INSERT:  pq: значение NULL в столбце \"id\" отношения \"categories\" нарушает ограничение NOT NULL"
time="2023-06-07T12:56:12+05:00" level=fatal msg="error CREATE Cat TABLE: pq: ошибка синтаксиса (примерное положение: \"FOREIGN\")"
time="2023-06-07T12:57:02+05:00" level=fatal msg="error CREATE Cat TABLE: pq: ошибка синтаксиса (примерное положение: \"FOREIGN\")"
time="2023-06-07T13:00:03+05:00" level=info msg="error INSERT CATEGORY:  pq: значение NULL в столбце \"id\" отношения \"recreational\" нарушает ограничение NOT NULL"
time="2023-06-07T13:00:42+05:00" level=info msg="error INSERT:  pq: значение NULL в столбце \"id\" отношения \"categories\" нарушает ограничение NOT NULL"
time="2023-06-07T13:00:42+05:00" level=info msg="error INSERT CATEGORY:  pq: значение NULL в столбце \"id\" отношения \"education\" нарушает ограничение NOT NULL"
time="2023-06-07T13:02:37+05:00" level=info msg="error INSERT:  pq: значение NULL в столбце \"id\" отношения \"categories\" нарушает ограничение NOT NULL"
time="2023-06-07T13:07:04+05:00" level=fatal msg="error CREATE ActCat TABLE: pq: ошибка синтаксиса (примерное положение: \"integer\")"
time="2023-06-07T13:07:32+05:00" level=info msg="error INSERT:  pq: значение NULL в столбце \"id\" отношения \"categories\" нарушает ограничение NOT NULL"
time="2023-06-07T13:07:42+05:00" level=info msg="error INSERT:  pq: значение NULL в столбце \"id\" отношения \"categories\" нарушает ограничение NOT NULL"
time="2023-06-07T13:08:17+05:00" level=info msg="error INSERT:  pq: значение NULL в столбце \"id\" отношения \"categories\" нарушает ограничение NOT NULL"
time="2023-06-07T13:08:30+05:00" level=info msg="error INSERT:  pq: значение NULL в столбце \"id\" отношения \"categories\" нарушает ограничение NOT NULL"
time="2023-06-07T13:51:40+05:00" level=info msg="error INSERT:  pq: ошибка синтаксиса (примерное положение: \"select\")"
time="2023-06-07T13:51:40+05:00" level=info msg="error INSERT CATEGORY:  pq: got 8 parameters but the statement requires 9"
time="2023-06-07T14:52:51+05:00" level=info msg="error INSERT:  pq: повторяющееся значение ключа нарушает ограничение уникальности \"categories_category_key\""
time="2023-06-07T14:52:59+05:00" level=info msg="error INSERT:  pq: повторяющееся значение ключа нарушает ограничение уникальности \"categories_category_key\""
time="2023-06-07T14:53:01+05:00" level=info msg="error INSERT:  pq: повторяющееся значение ключа нарушает ограничение уникальности \"categories_category_key\""
time="2023-06-07T14:53:06+05:00" level=info msg="error INSERT:  pq: повторяющееся значение ключа нарушает ограничение уникальности \"categories_category_key\""
time="2023-06-07T14:53:07+05:00" level=info msg="error INSERT:  pq: повторяющееся значение ключа нарушает ограничение уникальности \"categories_category_key\""
time="2023-06-07T14:53:10+05:00" level=info msg="error INSERT:  pq: повторяющееся значение ключа нарушает ограничение уникальности \"categories_category_key\""
time="2023-06-07T14:53:12+05:00" level=info msg="error INSERT:  pq: повторяющееся значение ключа нарушает ограничение уникальности \"categories_category_key\""
time="2023-06-07T14:53:13+05:00" level=info msg="error INSERT:  pq: повторяющееся значение ключа нарушает ограничение уникальности \"categories_category_key\""
time="2023-06-07T14:53:15+05:00" level=info msg="error INSERT:  pq: повторяющееся значение ключа нарушает ограничение уникальности \"categories_category_key\""
time="2023-06-07T14:53:17+05:00" level=info msg="error INSERT:  pq: повторяющееся значение ключа нарушает ограничение уникальности \"categories_category_key\""
time="2023-06-07T14:53:17+05:00" level=info msg="error INSERT:  pq: повторяющееся значение ключа нарушает ограничение уникальности \"categories_category_key\""
time="2023-06-07T14:53:19+05:00" level=info msg="error INSERT:  pq: повторяющееся значение ключа нарушает ограничение уникальности \"categories_category_key\""
time="2023-06-07T14:53:20+05:00" level=info msg="error INSERT:  pq: повторяющееся значение ключа нарушает ограничение уникальности \"categories_category_key\""
time="2023-06-07T14:53:25+05:00" level=info msg="error INSERT:  pq: повторяющееся значение ключа нарушает ограничение уникальности \"categories_category_key\""
time="2023-06-07T14:53:31+05:00" level=info msg="error INSERT:  pq: повторяющееся значение ключа нарушает ограничение уникальности \"categories_category_key\""
time="2023-06-07T14:53:36+05:00" level=info msg="error INSERT:  pq: повторяющееся значение ключа нарушает ограничение уникальности \"categories_category_key\""
time="2023-06-07T14:53:37+05:00" level=info msg="error INSERT:  pq: повторяющееся значение ключа нарушает ограничение уникальности \"categories_category_key\""
time="2023-06-07T14:58:16+05:00" level=info msg="error INSERT:  pq: повторяющееся значение ключа нарушает ограничение уникальности \"categories_category_key\""
time="2023-06-07T14:58:55+05:00" level=info msg="error INSERT:  pq: повторяющееся значение ключа нарушает ограничение уникальности \"categories_category_key\""
time="2023-06-07T14:58:57+05:00" level=info msg="error INSERT:  pq: повторяющееся значение ключа нарушает ограничение уникальности \"categories_category_key\""
time="2023-06-07T15:23:11+05:00" level=info msg="error INSERT:  pq: повторяющееся значение ключа нарушает ограничение уникальности \"categories_category_key\""
time="2023-06-07T15:23:24+05:00" level=info msg="error INSERT:  pq: повторяющееся значение ключа нарушает ограничение уникальности \"categories_category_key\""
time="2023-06-07T15:25:34+05:00" level=info msg="error INSERT:  pq: повторяющееся значение ключа нарушает ограничение уникальности \"categories_category_key\""
time="2023-06-07T16:31:48+05:00" level=info msg="error INSERT:  pq: повторяющееся значение ключа нарушает ограничение уникальности \"categories_category_key\""
time="2023-06-07T16:31:49+05:00" level=info msg="Panic Scan rows"
time="2023-06-07T16:31:49+05:00" level=info msg="Panic Scan rows"
time="2023-06-07T16:31:49+05:00" level=info msg="Panic Scan rows"
time="2023-06-07T16:31:49+05:00" level=info msg="Panic Scan rows"
time="2023-06-07T16:31:49+05:00" level=info msg="Panic Scan rows"
time="2023-06-07T16:36:08+05:00" level=info msg="error INSERT:  pq: повторяющееся значение ключа нарушает ограничение уникальности \"categories_category_key\""
time="2023-06-07T16:39:13+05:00" level=info msg="error INSERT:  pq: повторяющееся значение ключа нарушает ограничение уникальности \"categories_category_key\""
time="2023-06-07T16:41:37+05:00" level=info msg="error INSERT:  pq: повторяющееся значение ключа нарушает ограничение уникальности \"categories_category_key\""
time="2023-06-07T16:41:45+05:00" level=info msg="error INSERT:  pq: повторяющееся значение ключа нарушает ограничение уникальности \"categories_category_key\""
time="2023-06-07T16:44:59+05:00" level=info msg="error INSERT:  pq: повторяющееся значение ключа нарушает ограничение уникальности \"categories_category_key\""
